<?xml version="1.0" encoding="UTF-8"?>
<!-- Generated by org.testng.reporters.JUnitXMLReporter -->
<testsuite ignored="0" hostname="hp-pc" failures="0" tests="1" name="firefox" time="107.304" errors="0" timestamp="2023-03-16T12:19:54 IST">
  <testcase classname="hrm_TEST.BaseClass" name="@BeforeTest beforeTest" time="107.257">
    <failure type="java.lang.NullPointerException" message="Cannot invoke &amp;quot;org.openqa.selenium.WebDriver.manage()&amp;quot; because &amp;quot;hrm_TEST.BaseClass.driver&amp;quot; is null">
      <![CDATA[java.lang.NullPointerException: Cannot invoke "org.openqa.selenium.WebDriver.manage()" because "hrm_TEST.BaseClass.driver" is null
at hrm_TEST.BaseClass.beforeTest(BaseClass.java:26)
at java.base/java.util.concurrent.FutureTask.run(FutureTask.java:264)
at java.base/java.util.concurrent.ThreadPoolExecutor.runWorker(ThreadPoolExecutor.java:1136)
at java.base/java.util.concurrent.ThreadPoolExecutor$Worker.run(ThreadPoolExecutor.java:635)
at java.base/java.lang.Thread.run(Thread.java:833)
... Removed 15 stack frames]]>
    </failure>
  </testcase> <!-- @BeforeTest beforeTest -->
  <testcase classname="hrm_TEST.LoginTestCase" name="@BeforeClass beforeClass" time="-1.678949394669E9">
    <skipped/>
  </testcase> <!-- @BeforeClass beforeClass -->
  <testcase classname="hrm_TEST.LoginTestCase" name="@BeforeMethod beforeMethod" time="-1.678949394673E9">
    <skipped/>
  </testcase> <!-- @BeforeMethod beforeMethod -->
  <testcase classname="hrm_TEST.LoginTestCase" name="@AfterClass afterClass" time="-1.678949394688E9">
    <skipped/>
  </testcase> <!-- @AfterClass afterClass -->
  <testcase classname="hrm_TEST.BaseClass" name="@AfterTest afterTest" time="-1.678949394691E9">
    <skipped/>
  </testcase> <!-- @AfterTest afterTest -->
  <testcase classname="hrm_TEST.LoginTestCase" name="VerifyLoginWithcorrectData" time="0.0">
    <skipped/>
  </testcase> <!-- VerifyLoginWithcorrectData -->
</testsuite> <!-- firefox -->
